twa_android_src/app/build/intermediates/manifest_merge_blame_file/debug/processDebugMainManifest/manifest-merger-blame-debug-report.txt
1<?xml version="1.0" encoding="utf-8"?>
2<manifest xmlns:android="http://schemas.android.com/apk/res/android"
3    package="com.athish.groupchat"
4    android:versionCode="1"
5    android:versionName="1.0" >
6
7    <uses-sdk
7-->src\main\AndroidManifest.xml:4:5-6:41
8        android:minSdkVersion="21"
8-->src\main\AndroidManifest.xml:5:9-35
9        android:targetSdkVersion="34" />
9-->src\main\AndroidManifest.xml:6:9-38
10
11    <queries>
11-->[com.google.androidbrowserhelper:androidbrowserhelper:2.5.0] AndroidManifest.xml:26:5-34:15
12        <intent>
12-->[com.google.androidbrowserhelper:androidbrowserhelper:2.5.0] AndroidManifest.xml:27:9-33:18
13            <action android:name="android.intent.action.VIEW" />
13-->src\main\AndroidManifest.xml:30:17-69
13-->src\main\AndroidManifest.xml:30:25-66
14
15            <category android:name="android.intent.category.BROWSABLE" />
15-->src\main\AndroidManifest.xml:33:17-78
15-->src\main\AndroidManifest.xml:33:27-75
16
17            <data android:scheme="https" />
17-->src\main\AndroidManifest.xml:35:17-37:80
17-->src\main\AndroidManifest.xml:36:21-43
18        </intent>
19    </queries>
20
21    <application
21-->src\main\AndroidManifest.xml:8:5-47:19
22        android:allowBackup="true"
22-->src\main\AndroidManifest.xml:11:9-35
23        android:appComponentFactory="androidx.core.app.CoreComponentFactory"
23-->[androidx.core:core:1.1.0] AndroidManifest.xml:24:18-86
24        android:debuggable="true"
25        android:extractNativeLibs="true"
26        android:icon="@mipmap/ic_launcher"
26-->src\main\AndroidManifest.xml:10:9-43
27        android:label="GroupChat"
27-->src\main\AndroidManifest.xml:9:9-34
28        android:supportsRtl="true"
28-->src\main\AndroidManifest.xml:12:9-35
29        android:testOnly="true" >
30        <meta-data
30-->src\main\AndroidManifest.xml:15:9-17:59
31            android:name="asset_statements"
31-->src\main\AndroidManifest.xml:16:13-44
32            android:resource="@string/asset_statements" />
32-->src\main\AndroidManifest.xml:17:13-56
33
34        <!-- LauncherActivity from android-browser-helper -->
35        <activity
35-->src\main\AndroidManifest.xml:20:9-45:20
36            android:name="com.google.androidbrowserhelper.trusted.LauncherActivity"
36-->src\main\AndroidManifest.xml:21:13-84
37            android:exported="true" >
37-->src\main\AndroidManifest.xml:22:13-36
38            <meta-data
38-->src\main\AndroidManifest.xml:25:13-27:54
39                android:name="android.support.customtabs.trusted.DEFAULT_URL"
39-->src\main\AndroidManifest.xml:26:17-78
40                android:value="@string/defaultUrl" />
40-->src\main\AndroidManifest.xml:27:17-51
41
42            <intent-filter android:autoVerify="true" >
42-->src\main\AndroidManifest.xml:29:13-38:29
42-->src\main\AndroidManifest.xml:29:28-53
43                <action android:name="android.intent.action.VIEW" />
43-->src\main\AndroidManifest.xml:30:17-69
43-->src\main\AndroidManifest.xml:30:25-66
44
45                <category android:name="android.intent.category.DEFAULT" />
45-->src\main\AndroidManifest.xml:32:17-76
45-->src\main\AndroidManifest.xml:32:27-73
46                <category android:name="android.intent.category.BROWSABLE" />
46-->src\main\AndroidManifest.xml:33:17-78
46-->src\main\AndroidManifest.xml:33:27-75
47
48                <data
48-->src\main\AndroidManifest.xml:35:17-37:80
49                    android:host="bettyann-unfirm-seasonedly.ngrok-free.dev"
49-->src\main\AndroidManifest.xml:37:21-77
50                    android:scheme="https" />
50-->src\main\AndroidManifest.xml:36:21-43
51            </intent-filter>
52            <intent-filter>
52-->src\main\AndroidManifest.xml:40:13-43:29
53                <action android:name="android.intent.action.MAIN" />
53-->src\main\AndroidManifest.xml:41:17-69
53-->src\main\AndroidManifest.xml:41:25-66
54
55                <category android:name="android.intent.category.LAUNCHER" />
55-->src\main\AndroidManifest.xml:42:17-77
55-->src\main\AndroidManifest.xml:42:27-74
56            </intent-filter>
57        </activity>
58    </application>
59
60</manifest>